#
# A fatal error has been detected by the Java Runtime Environment:
#
#  SIGSEGV (0xb) at pc=0x00007ff077fd29da, pid=25565, tid=0x00007ff07871c700
#
# JRE version: OpenJDK Runtime Environment (8.0_111-b14) (build 1.8.0_111-8u111-b14-3~14.04.1-b14)
# Java VM: OpenJDK 64-Bit Server VM (25.111-b14 mixed mode linux-amd64 compressed oops)
# Problematic frame:
# C  [libc.so.6+0x889da]  strlen+0x2a
#
# Failed to write core dump. Core dumps have been disabled. To enable core dumping, try "ulimit -c unlimited" before starting Java again
#
# If you would like to submit a bug report, please visit:
#   http://bugreport.java.com/bugreport/crash.jsp
# The crash happened outside the Java Virtual Machine in native code.
# See problematic frame for where to report the bug.
#

---------------  T H R E A D  ---------------

Current thread (0x00007ff07000a000):  JavaThread "main" [_thread_in_native, id=25567, stack(0x00007ff07861c000,0x00007ff07871d000)]

siginfo: si_signo: 11 (SIGSEGV), si_code: 1 (SEGV_MAPERR), si_addr: 0x0000000000000000

Registers:
RAX=0x0000000000000000, RBX=0x00007ff070235f18, RCX=0x0000000000000000, RDX=0x00007ff070235f18
RSP=0x00007ff07871af88, RBP=0x0000000000000000, RSI=0x0000000000000000, RDI=0x0000000000000000
R8 =0xfffffffffffffff8, R9 =0x0000000000000017, R10=0x00007ff061017748, R11=0x00007ff07731e4b0
R12=0x0000000000000000, R13=0x00007ff05cb734d0, R14=0x0000000000000000, R15=0x00007ff07000a000
RIP=0x00007ff077fd29da, EFLAGS=0x0000000000010293, CSGSFS=0x20ab000000000033, ERR=0x0000000000000004
  TRAPNO=0x000000000000000e

Top of Stack: (sp=0x00007ff07871af88)
0x00007ff07871af88:   00007ff048f825f4 00007ff0700075d8
0x00007ff07871af98:   00007ff04a084b80 00007ff070235f18
0x00007ff07871afa8:   00007ff048f4a99b 00007ff07000a000
0x00007ff07871afb8:   00007ff070078cc0 00007ff05c705530
0x00007ff07871afc8:   0000000000000000 00007ff07871b160
0x00007ff07871afd8:   0000000000000000 0000000000000000
0x00007ff07871afe8:   00007ff07871b040 0000000000000000
0x00007ff07871aff8:   0000000000000000 00007ff07000a000
0x00007ff07871b008:   00007ff077110516 00007ff07871b070
0x00007ff07871b018:   00007ff0778c87f0 00007ff07871b120
0x00007ff07871b028:   00007ff07000a000 00007ff070078cc0
0x00007ff07871b038:   00007ff07871b0e0 00007ff07000a000
0x00007ff07871b048:   00007ff07000a000 00007ff07871b140
0x00007ff07871b058:   00007ff07709c9a0 00007ff05c705530
0x00007ff07871b068:   00007ff07000a000 00007ff070078cc0
0x00007ff07871b078:   00007ff07000a1e0 0000000000000003
0x00007ff07871b088:   00007ff07000a000 00007ff07871b0c0
0x00007ff07871b098:   0000000000000003 00007ff070007508
0x00007ff07871b0a8:   00007ff07871b100 00007ff07871b110
0x00007ff07871b0b8:   00007ff0700001e0 00007ff0778a76f0
0x00007ff07871b0c8:   00007ff07871b078 0000000000000000
0x00007ff07871b0d8:   0000000800000000 00000000da3aad40
0x00007ff07871b0e8:   0000000000000003 00007ff05c705530
0x00007ff07871b0f8:   00007ff07000a000 0000000000000000
0x00007ff07871b108:   00007ff07871b1c0 00007ff07871b248
0x00007ff07871b118:   00007ff05c6db778 0000000000000000
0x00007ff07871b128:   00007ff07871b1a8 0000000000000000
0x00007ff07871b138:   00007ff07000a000 00007ff07871b190
0x00007ff07871b148:   00007ff06113c266 00000000da16d178
0x00007ff07871b158:   00007ff06110b1c5 00000000da3aac58
0x00007ff07871b168:   00007ff07000a1e0 00007ff07871b210
0x00007ff07871b178:   0000000000000000 00007ff05cb734d0 

Instructions: (pc=0x00007ff077fd29da)
0x00007ff077fd29ba:   66 45 0f ef d2 66 45 0f ef db 48 89 f8 48 89 f9
0x00007ff077fd29ca:   48 81 e1 ff 0f 00 00 48 81 f9 cf 0f 00 00 77 66
0x00007ff077fd29da:   f3 44 0f 6f 20 66 45 0f 74 e0 66 41 0f d7 d4 85
0x00007ff077fd29ea:   d2 74 04 0f bc c2 c3 48 83 e0 f0 66 44 0f 74 48 

Register to memory mapping:

RAX=0x0000000000000000 is an unknown value
RBX=0x00007ff070235f18 is an unknown value
RCX=0x0000000000000000 is an unknown value
RDX=0x00007ff070235f18 is an unknown value
RSP=0x00007ff07871af88 is pointing into the stack for thread: 0x00007ff07000a000
RBP=0x0000000000000000 is an unknown value
RSI=0x0000000000000000 is an unknown value
RDI=0x0000000000000000 is an unknown value
R8 =0xfffffffffffffff8 is an unknown value
R9 =0x0000000000000017 is an unknown value
R10=0x00007ff061017748 is at code_begin+808 in an Interpreter codelet
method entry point (kind = native)  [0x00007ff061017420, 0x00007ff061017d20]  2304 bytes
R11=0x00007ff07731e4b0: <offset 0x9004b0> in /usr/lib/jvm/java-8-openjdk-amd64/jre/lib/amd64/server/libjvm.so at 0x00007ff076a1e000
R12=0x0000000000000000 is an unknown value
R13={method} {0x00007ff05cb734d0} 'INTERNALgetSymbolString' '(JJ)Ljava/lang/String;' in 'com/microsoft/z3/Native'
R14=0x0000000000000000 is an unknown value
R15=0x00007ff07000a000 is a thread


Stack: [0x00007ff07861c000,0x00007ff07871d000],  sp=0x00007ff07871af88,  free space=1019k
Native frames: (J=compiled Java code, j=interpreted, Vv=VM code, C=native code)
C  [libc.so.6+0x889da]  strlen+0x2a

Java frames: (J=compiled Java code, j=interpreted, Vv=VM code)
j  com.microsoft.z3.Native.INTERNALgetSymbolString(JJ)Ljava/lang/String;+0
j  com.microsoft.z3.Native.getSymbolString(JJ)Ljava/lang/String;+2
j  com.microsoft.z3.StringSymbol.getString()Ljava/lang/String;+11
j  com.microsoft.z3.Symbol.toString()Ljava/lang/String;+29
j  e0210.SymbolicExecution.internalTransform(Ljava/lang/String;Ljava/util/Map;)V+848
j  soot.SceneTransformer.transform(Ljava/lang/String;Ljava/util/Map;)V+13
j  soot.Transform.apply()V+94
j  soot.ScenePack.internalApply()V+25
j  soot.Pack.apply()V+19
j  soot.PackManager.runWholeProgramPacks()V+78
j  soot.PackManager.runPacksNormally()V+49
j  soot.PackManager.runPacks()V+17
j  soot.Main.run([Ljava/lang/String;)V+196
j  soot.Main.main([Ljava/lang/String;)V+4
j  e0210.TraceMaker.sootMainSymbolicExecution(Ljava/lang/String;Ljava/lang/String;)V+305
j  e0210.TraceMaker.main([Ljava/lang/String;)V+628
v  ~StubRoutines::call_stub

---------------  P R O C E S S  ---------------

Java Threads: ( => current thread )
  0x00007ff0700c9000 JavaThread "Service Thread" daemon [_thread_blocked, id=25594, stack(0x00007ff04a80d000,0x00007ff04a90e000)]
  0x00007ff0700b1800 JavaThread "C1 CompilerThread2" daemon [_thread_blocked, id=25592, stack(0x00007ff04a90e000,0x00007ff04aa0f000)]
  0x00007ff0700af800 JavaThread "C2 CompilerThread1" daemon [_thread_in_native, id=25591, stack(0x00007ff04aa0f000,0x00007ff04ab10000)]
  0x00007ff0700ad000 JavaThread "C2 CompilerThread0" daemon [_thread_in_native, id=25590, stack(0x00007ff04ab10000,0x00007ff04ac11000)]
  0x00007ff0700aa800 JavaThread "Signal Dispatcher" daemon [_thread_blocked, id=25589, stack(0x00007ff04ac11000,0x00007ff04ad12000)]
  0x00007ff070083800 JavaThread "Finalizer" daemon [_thread_blocked, id=25585, stack(0x00007ff04b3f4000,0x00007ff04b4f5000)]
  0x00007ff07007f000 JavaThread "Reference Handler" daemon [_thread_blocked, id=25583, stack(0x00007ff04b4f5000,0x00007ff04b5f6000)]
=>0x00007ff07000a000 JavaThread "main" [_thread_in_native, id=25567, stack(0x00007ff07861c000,0x00007ff07871d000)]

Other Threads:
  0x00007ff070077800 VMThread [stack: 0x00007ff04b5f6000,0x00007ff04b6f7000] [id=25577]
  0x00007ff0700cc000 WatcherThread [stack: 0x00007ff04a70c000,0x00007ff04a80d000] [id=25595]

VM state:not at safepoint (normal execution)

VM Mutex/Monitor currently owned by a thread: None

Heap:
 PSYoungGen      total 68608K, used 57199K [0x00000000d7200000, 0x00000000df800000, 0x0000000100000000)
  eden space 63488K, 82% used [0x00000000d7200000,0x00000000da4e3cf0,0x00000000db000000)
  from space 5120K, 99% used [0x00000000db000000,0x00000000db4f8020,0x00000000db500000)
  to   space 5120K, 0% used [0x00000000df300000,0x00000000df300000,0x00000000df800000)
 ParOldGen       total 84992K, used 34392K [0x0000000085600000, 0x000000008a900000, 0x00000000d7200000)
  object space 84992K, 40% used [0x0000000085600000,0x00000000877962e8,0x000000008a900000)
 Metaspace       used 11700K, capacity 11876K, committed 12160K, reserved 1060864K
  class space    used 1262K, capacity 1322K, committed 1408K, reserved 1048576K

Card table byte_map: [0x00007ff0749db000,0x00007ff074db1000] byte_map_base: 0x00007ff0745b0000

Marking Bits: (ParMarkBitMap*) 0x00007ff0778f22a0
 Begin Bits: [0x00007ff05d2b0000, 0x00007ff05f158000)
 End Bits:   [0x00007ff05f158000, 0x00007ff061000000)

Polling page: 0x00007ff07873d000

CodeCache: size=245760Kb used=5835Kb max_used=5847Kb free=239924Kb
 bounds [0x00007ff061000000, 0x00007ff0615c0000, 0x00007ff070000000]
 total_blobs=2155 nmethods=1796 adapters=273
 compilation: enabled

Compilation events (10 events):
Event: 5.120 Thread 0x00007ff0700af800 1799   !   4       java.lang.ref.Finalizer::add (41 bytes)
Event: 5.120 Thread 0x00007ff0700ad000 1800       4       java.lang.ref.Finalizer::register (10 bytes)
Event: 5.122 Thread 0x00007ff0700af800 nmethod 1799 0x00007ff0615ac190 code [0x00007ff0615ac2e0, 0x00007ff0615ac578]
Event: 5.122 Thread 0x00007ff0700af800 1801   !   4       sun.misc.URLClassPath$JarLoader::getResource (85 bytes)
Event: 5.123 Thread 0x00007ff0700ad000 nmethod 1800 0x00007ff0615abb90 code [0x00007ff0615abd00, 0x00007ff0615ac058]
Event: 5.132 Thread 0x00007ff0700ad000 1803       4       com.microsoft.z3.Z3Object::<init> (40 bytes)
Event: 5.133 Thread 0x00007ff0700ad000 nmethod 1803 0x00007ff0615ab810 code [0x00007ff0615ab960, 0x00007ff0615aba58]
Event: 5.133 Thread 0x00007ff0700ad000 1804       4       com.microsoft.z3.AST::incRef (35 bytes)
Event: 5.138 Thread 0x00007ff0700ad000 nmethod 1804 0x00007ff0615aae10 code [0x00007ff0615aafa0, 0x00007ff0615ab318]
Event: 5.138 Thread 0x00007ff0700ad000 1802       4       com.microsoft.z3.Native::incRef (40 bytes)

GC Heap History (6 events):
Event: 0.975 GC heap before
{Heap before GC invocations=1 (full 0):
 PSYoungGen      total 36864K, used 31744K [0x00000000d7200000, 0x00000000d9b00000, 0x0000000100000000)
  eden space 31744K, 100% used [0x00000000d7200000,0x00000000d9100000,0x00000000d9100000)
  from space 5120K, 0% used [0x00000000d9600000,0x00000000d9600000,0x00000000d9b00000)
  to   space 5120K, 0% used [0x00000000d9100000,0x00000000d9100000,0x00000000d9600000)
 ParOldGen       total 84992K, used 0K [0x0000000085600000, 0x000000008a900000, 0x00000000d7200000)
  object space 84992K, 0% used [0x0000000085600000,0x0000000085600000,0x000000008a900000)
 Metaspace       used 8076K, capacity 8292K, committed 8448K, reserved 1056768K
  class space    used 853K, capacity 938K, committed 1024K, reserved 1048576K
Event: 1.009 GC heap after
Heap after GC invocations=1 (full 0):
 PSYoungGen      total 36864K, used 5094K [0x00000000d7200000, 0x00000000dba00000, 0x0000000100000000)
  eden space 31744K, 0% used [0x00000000d7200000,0x00000000d7200000,0x00000000d9100000)
  from space 5120K, 99% used [0x00000000d9100000,0x00000000d95f9ad0,0x00000000d9600000)
  to   space 5120K, 0% used [0x00000000db500000,0x00000000db500000,0x00000000dba00000)
 ParOldGen       total 84992K, used 3374K [0x0000000085600000, 0x000000008a900000, 0x00000000d7200000)
  object space 84992K, 3% used [0x0000000085600000,0x000000008594bb80,0x000000008a900000)
 Metaspace       used 8076K, capacity 8292K, committed 8448K, reserved 1056768K
  class space    used 853K, capacity 938K, committed 1024K, reserved 1048576K
}
Event: 1.569 GC heap before
{Heap before GC invocations=2 (full 0):
 PSYoungGen      total 36864K, used 36838K [0x00000000d7200000, 0x00000000dba00000, 0x0000000100000000)
  eden space 31744K, 100% used [0x00000000d7200000,0x00000000d9100000,0x00000000d9100000)
  from space 5120K, 99% used [0x00000000d9100000,0x00000000d95f9ad0,0x00000000d9600000)
  to   space 5120K, 0% used [0x00000000db500000,0x00000000db500000,0x00000000dba00000)
 ParOldGen       total 84992K, used 3374K [0x0000000085600000, 0x000000008a900000, 0x00000000d7200000)
  object space 84992K, 3% used [0x0000000085600000,0x000000008594bb80,0x000000008a900000)
 Metaspace       used 8784K, capacity 8996K, committed 9216K, reserved 1056768K
  class space    used 909K, capacity 1002K, committed 1024K, reserved 1048576K
Event: 1.641 GC heap after
Heap after GC invocations=2 (full 0):
 PSYoungGen      total 68608K, used 5094K [0x00000000d7200000, 0x00000000dba00000, 0x0000000100000000)
  eden space 63488K, 0% used [0x00000000d7200000,0x00000000d7200000,0x00000000db000000)
  from space 5120K, 99% used [0x00000000db500000,0x00000000db9f9ac0,0x00000000dba00000)
  to   space 5120K, 0% used [0x00000000db000000,0x00000000db000000,0x00000000db500000)
 ParOldGen       total 84992K, used 12667K [0x0000000085600000, 0x000000008a900000, 0x00000000d7200000)
  object space 84992K, 14% used [0x0000000085600000,0x000000008625ed98,0x000000008a900000)
 Metaspace       used 8784K, capacity 8996K, committed 9216K, reserved 1056768K
  class space    used 909K, capacity 1002K, committed 1024K, reserved 1048576K
}
Event: 2.921 GC heap before
{Heap before GC invocations=3 (full 0):
 PSYoungGen      total 68608K, used 68582K [0x00000000d7200000, 0x00000000dba00000, 0x0000000100000000)
  eden space 63488K, 100% used [0x00000000d7200000,0x00000000db000000,0x00000000db000000)
  from space 5120K, 99% used [0x00000000db500000,0x00000000db9f9ac0,0x00000000dba00000)
  to   space 5120K, 0% used [0x00000000db000000,0x00000000db000000,0x00000000db500000)
 ParOldGen       total 84992K, used 12667K [0x0000000085600000, 0x000000008a900000, 0x00000000d7200000)
  object space 84992K, 14% used [0x0000000085600000,0x000000008625ed98,0x000000008a900000)
 Metaspace       used 8952K, capacity 9124K, committed 9216K, reserved 1056768K
  class space    used 913K, capacity 1002K, committed 1024K, reserved 1048576K
Event: 3.055 GC heap after
Heap after GC invocations=3 (full 0):
 PSYoungGen      total 68608K, used 5088K [0x00000000d7200000, 0x00000000df800000, 0x0000000100000000)
  eden space 63488K, 0% used [0x00000000d7200000,0x00000000d7200000,0x00000000db000000)
  from space 5120K, 99% used [0x00000000db000000,0x00000000db4f8020,0x00000000db500000)
  to   space 5120K, 0% used [0x00000000df300000,0x00000000df300000,0x00000000df800000)
 ParOldGen       total 84992K, used 34392K [0x0000000085600000, 0x000000008a900000, 0x00000000d7200000)
  object space 84992K, 40% used [0x0000000085600000,0x00000000877962e8,0x000000008a900000)
 Metaspace       used 8952K, capacity 9124K, committed 9216K, reserved 1056768K
  class space    used 913K, capacity 1002K, committed 1024K, reserved 1048576K
}

Deoptimization events (10 events):
Event: 3.545 Thread 0x00007ff07000a000 Uncommon trap: reason=class_check action=maybe_recompile pc=0x00007ff06138b180 method=java.util.Collections$UnmodifiableCollection.size()I @ 4
Event: 3.545 Thread 0x00007ff07000a000 Uncommon trap: reason=class_check action=maybe_recompile pc=0x00007ff06138b180 method=java.util.Collections$UnmodifiableCollection.size()I @ 4
Event: 3.563 Thread 0x00007ff07000a000 Uncommon trap: reason=speculate_class_check action=maybe_recompile pc=0x00007ff061239254 method=java.util.HashMap.putVal(ILjava/lang/Object;Ljava/lang/Object;ZZ)Ljava/lang/Object; @ 56
Event: 3.816 Thread 0x00007ff07000a000 Uncommon trap: reason=unstable_if action=reinterpret pc=0x00007ff061377050 method=soot.util.HashChain$LinkIterator.hasNext()Z @ 27
Event: 3.835 Thread 0x00007ff07000a000 Uncommon trap: reason=class_check action=maybe_recompile pc=0x00007ff06138b180 method=java.util.Collections$UnmodifiableCollection.size()I @ 4
Event: 3.835 Thread 0x00007ff07000a000 Uncommon trap: reason=class_check action=maybe_recompile pc=0x00007ff06138b180 method=java.util.Collections$UnmodifiableCollection.size()I @ 4
Event: 4.167 Thread 0x00007ff07000a000 Uncommon trap: reason=class_check action=maybe_recompile pc=0x00007ff06140d0b8 method=java.util.HashMap.putVal(ILjava/lang/Object;Ljava/lang/Object;ZZ)Ljava/lang/Object; @ 203
Event: 4.167 Thread 0x00007ff07000a000 Uncommon trap: reason=class_check action=maybe_recompile pc=0x00007ff06140d0b8 method=java.util.HashMap.putVal(ILjava/lang/Object;Ljava/lang/Object;ZZ)Ljava/lang/Object; @ 203
Event: 4.391 Thread 0x00007ff07000a000 Uncommon trap: reason=class_check action=maybe_recompile pc=0x00007ff06140d0b8 method=java.util.HashMap.putVal(ILjava/lang/Object;Ljava/lang/Object;ZZ)Ljava/lang/Object; @ 203
Event: 4.403 Thread 0x00007ff07000a000 Uncommon trap: reason=class_check action=maybe_recompile pc=0x00007ff06140d0b8 method=java.util.HashMap.putVal(ILjava/lang/Object;Ljava/lang/Object;ZZ)Ljava/lang/Object; @ 203

Internal exceptions (10 events):
Event: 0.137 Thread 0x00007ff07000a000 Exception <a 'java/security/PrivilegedActionException'> (0x00000000d7252638) thrown at [/build/openjdk-8-8itSJj/openjdk-8-8u111-b14/src/hotspot/src/share/vm/prims/jvm.cpp, line 1386]
Event: 0.137 Thread 0x00007ff07000a000 Exception <a 'java/security/PrivilegedActionException'> (0x00000000d7252848) thrown at [/build/openjdk-8-8itSJj/openjdk-8-8u111-b14/src/hotspot/src/share/vm/prims/jvm.cpp, line 1386]
Event: 0.308 Thread 0x00007ff07000a000 Exception <a 'java/lang/NoSuchFieldError': method resolution failed> (0x00000000d74613d8) thrown at [/build/openjdk-8-8itSJj/openjdk-8-8u111-b14/src/hotspot/src/share/vm/prims/methodHandles.cpp, line 1146]
Event: 0.322 Thread 0x00007ff07000a000 Exception <a 'java/lang/NoSuchFieldError': method resolution failed> (0x00000000d746e7d8) thrown at [/build/openjdk-8-8itSJj/openjdk-8-8u111-b14/src/hotspot/src/share/vm/prims/methodHandles.cpp, line 1146]
Event: 0.743 Thread 0x00007ff07000a000 Exception <a 'java/security/PrivilegedActionException'> (0x00000000d7cb0098) thrown at [/build/openjdk-8-8itSJj/openjdk-8-8u111-b14/src/hotspot/src/share/vm/prims/jvm.cpp, line 1386]
Event: 0.743 Thread 0x00007ff07000a000 Exception <a 'java/security/PrivilegedActionException'> (0x00000000d7cb0490) thrown at [/build/openjdk-8-8itSJj/openjdk-8-8u111-b14/src/hotspot/src/share/vm/prims/jvm.cpp, line 1386]
Event: 0.743 Thread 0x00007ff07000a000 Exception <a 'java/security/PrivilegedActionException'> (0x00000000d7cb26e0) thrown at [/build/openjdk-8-8itSJj/openjdk-8-8u111-b14/src/hotspot/src/share/vm/prims/jvm.cpp, line 1386]
Event: 0.743 Thread 0x00007ff07000a000 Exception <a 'java/security/PrivilegedActionException'> (0x00000000d7cb2ad8) thrown at [/build/openjdk-8-8itSJj/openjdk-8-8u111-b14/src/hotspot/src/share/vm/prims/jvm.cpp, line 1386]
Event: 0.743 Thread 0x00007ff07000a000 Exception <a 'java/security/PrivilegedActionException'> (0x00000000d7cb3790) thrown at [/build/openjdk-8-8itSJj/openjdk-8-8u111-b14/src/hotspot/src/share/vm/prims/jvm.cpp, line 1386]
Event: 0.743 Thread 0x00007ff07000a000 Exception <a 'java/security/PrivilegedActionException'> (0x00000000d7cb3b88) thrown at [/build/openjdk-8-8itSJj/openjdk-8-8u111-b14/src/hotspot/src/share/vm/prims/jvm.cpp, line 1386]

Events (10 events):
Event: 5.116 loading class com/microsoft/z3/Model
Event: 5.116 loading class com/microsoft/z3/Model done
Event: 5.116 loading class com/microsoft/z3/Model$ModelEvaluationFailedException
Event: 5.116 loading class com/microsoft/z3/Model$ModelEvaluationFailedException done
Event: 5.118 loading class com/microsoft/z3/Symbol$1
Event: 5.118 loading class com/microsoft/z3/Symbol$1 done
Event: 5.119 loading class com/microsoft/z3/enumerations/Z3_symbol_kind
Event: 5.119 loading class com/microsoft/z3/enumerations/Z3_symbol_kind done
Event: 5.119 loading class e0210/Sort
Event: 5.119 loading class e0210/Sort done


Dynamic libraries:
00400000-00401000 r-xp 00000000 08:06 1196448                            /usr/lib/jvm/java-8-openjdk-amd64/jre/bin/java
00600000-00601000 r--p 00000000 08:06 1196448                            /usr/lib/jvm/java-8-openjdk-amd64/jre/bin/java
00601000-00602000 rw-p 00001000 08:06 1196448                            /usr/lib/jvm/java-8-openjdk-amd64/jre/bin/java
0250b000-0252c000 rw-p 00000000 00:00 0                                  [heap]
85600000-8a900000 rw-p 00000000 00:00 0 
8a900000-d7200000 ---p 00000000 00:00 0 
d7200000-df800000 rw-p 00000000 00:00 0 
df800000-100000000 ---p 00000000 00:00 0 
100000000-100160000 rw-p 00000000 00:00 0 
100160000-140000000 ---p 00000000 00:00 0 
7ff024000000-7ff024021000 rw-p 00000000 00:00 0 
7ff024021000-7ff028000000 ---p 00000000 00:00 0 
7ff028000000-7ff028021000 rw-p 00000000 00:00 0 
7ff028021000-7ff02c000000 ---p 00000000 00:00 0 
7ff02c000000-7ff02ca36000 rw-p 00000000 00:00 0 
7ff02ca36000-7ff030000000 ---p 00000000 00:00 0 
7ff030000000-7ff03101b000 rw-p 00000000 00:00 0 
7ff03101b000-7ff034000000 ---p 00000000 00:00 0 
7ff034000000-7ff034021000 rw-p 00000000 00:00 0 
7ff034021000-7ff038000000 ---p 00000000 00:00 0 
7ff038000000-7ff038bb3000 rw-p 00000000 00:00 0 
7ff038bb3000-7ff03c000000 ---p 00000000 00:00 0 
7ff03c000000-7ff03c021000 rw-p 00000000 00:00 0 
7ff03c021000-7ff040000000 ---p 00000000 00:00 0 
7ff040000000-7ff040021000 rw-p 00000000 00:00 0 
7ff040021000-7ff044000000 ---p 00000000 00:00 0 
7ff044000000-7ff044021000 rw-p 00000000 00:00 0 
7ff044021000-7ff048000000 ---p 00000000 00:00 0 
7ff04858d000-7ff04860d000 rw-p 00000000 00:00 0 
7ff04860d000-7ff04878d000 ---p 00000000 00:00 0 
7ff04878d000-7ff04898d000 rw-p 00000000 00:00 0 
7ff048c84000-7ff048c91000 r-xp 00000000 08:06 395239                     /usr/lib/x86_64-linux-gnu/libgomp.so.1.0.0
7ff048c91000-7ff048e91000 ---p 0000d000 08:06 395239                     /usr/lib/x86_64-linux-gnu/libgomp.so.1.0.0
7ff048e91000-7ff048e92000 r--p 0000d000 08:06 395239                     /usr/lib/x86_64-linux-gnu/libgomp.so.1.0.0
7ff048e92000-7ff048e93000 rw-p 0000e000 08:06 395239                     /usr/lib/x86_64-linux-gnu/libgomp.so.1.0.0
7ff048e9c000-7ff048eaf000 r--s 00346000 08:06 414171                     /usr/lib/jvm/java-8-openjdk-amd64/jre/lib/resources.jar
7ff048eaf000-7ff049e5b000 r-xp 00000000 08:06 6035181                    /home/rishabh/workspace/e0210-project/lib/z3/bin/libz3.so
7ff049e5b000-7ff04a05b000 ---p 00fac000 08:06 6035181                    /home/rishabh/workspace/e0210-project/lib/z3/bin/libz3.so
7ff04a05b000-7ff04a082000 r--p 00fac000 08:06 6035181                    /home/rishabh/workspace/e0210-project/lib/z3/bin/libz3.so
7ff04a082000-7ff04a085000 rw-p 00fd3000 08:06 6035181                    /home/rishabh/workspace/e0210-project/lib/z3/bin/libz3.so
7ff04a085000-7ff04a087000 rw-p 00000000 00:00 0 
7ff04a087000-7ff04a0af000 r-xp 00000000 08:06 6035054                    /home/rishabh/workspace/e0210-project/lib/z3/bin/libz3java.so
7ff04a0af000-7ff04a2ae000 ---p 00028000 08:06 6035054                    /home/rishabh/workspace/e0210-project/lib/z3/bin/libz3java.so
7ff04a2ae000-7ff04a2af000 r--p 00027000 08:06 6035054                    /home/rishabh/workspace/e0210-project/lib/z3/bin/libz3java.so
7ff04a2af000-7ff04a2b1000 rw-p 00028000 08:06 6035054                    /home/rishabh/workspace/e0210-project/lib/z3/bin/libz3java.so
7ff04a2b1000-7ff04a2e2000 rw-p 00000000 00:00 0 
7ff04a2e2000-7ff04a2f8000 r-xp 00000000 08:06 1063297                    /usr/lib/jvm/java-8-openjdk-amd64/jre/lib/amd64/libnet.so
7ff04a2f8000-7ff04a4f8000 ---p 00016000 08:06 1063297                    /usr/lib/jvm/java-8-openjdk-amd64/jre/lib/amd64/libnet.so
7ff04a4f8000-7ff04a4f9000 r--p 00016000 08:06 1063297                    /usr/lib/jvm/java-8-openjdk-amd64/jre/lib/amd64/libnet.so
7ff04a4f9000-7ff04a4fa000 rw-p 00017000 08:06 1063297                    /usr/lib/jvm/java-8-openjdk-amd64/jre/lib/amd64/libnet.so
7ff04a4fa000-7ff04a50b000 r-xp 00000000 08:06 1063293                    /usr/lib/jvm/java-8-openjdk-amd64/jre/lib/amd64/libnio.so
7ff04a50b000-7ff04a70a000 ---p 00011000 08:06 1063293                    /usr/lib/jvm/java-8-openjdk-amd64/jre/lib/amd64/libnio.so
7ff04a70a000-7ff04a70b000 r--p 00010000 08:06 1063293                    /usr/lib/jvm/java-8-openjdk-amd64/jre/lib/amd64/libnio.so
7ff04a70b000-7ff04a70c000 rw-p 00011000 08:06 1063293                    /usr/lib/jvm/java-8-openjdk-amd64/jre/lib/amd64/libnio.so
7ff04a70c000-7ff04a70d000 ---p 00000000 00:00 0 
7ff04a70d000-7ff04a80d000 rw-p 00000000 00:00 0 
7ff04a80d000-7ff04a810000 ---p 00000000 00:00 0 
7ff04a810000-7ff04a90e000 rw-p 00000000 00:00 0 
7ff04a90e000-7ff04a911000 ---p 00000000 00:00 0 
7ff04a911000-7ff04aa0f000 rw-p 00000000 00:00 0 
7ff04aa0f000-7ff04aa12000 ---p 00000000 00:00 0 
7ff04aa12000-7ff04ab10000 rw-p 00000000 00:00 0 
7ff04ab10000-7ff04ab13000 ---p 00000000 00:00 0 
7ff04ab13000-7ff04ac11000 rw-p 00000000 00:00 0 
7ff04ac11000-7ff04ac14000 ---p 00000000 00:00 0 
7ff04ac14000-7ff04ad12000 rw-p 00000000 00:00 0 
7ff04ad12000-7ff04b3f4000 r--p 00000000 08:06 400388                     /usr/lib/locale/locale-archive
7ff04b3f4000-7ff04b3f7000 ---p 00000000 00:00 0 
7ff04b3f7000-7ff04b4f5000 rw-p 00000000 00:00 0 
7ff04b4f5000-7ff04b4f8000 ---p 00000000 00:00 0 
7ff04b4f8000-7ff04b5f6000 rw-p 00000000 00:00 0 
7ff04b5f6000-7ff04b5f7000 ---p 00000000 00:00 0 
7ff04b5f7000-7ff04c000000 rw-p 00000000 00:00 0 
7ff04c000000-7ff04c021000 rw-p 00000000 00:00 0 
7ff04c021000-7ff050000000 ---p 00000000 00:00 0 
7ff050000000-7ff050021000 rw-p 00000000 00:00 0 
7ff050021000-7ff054000000 ---p 00000000 00:00 0 
7ff054000000-7ff054021000 rw-p 00000000 00:00 0 
7ff054021000-7ff058000000 ---p 00000000 00:00 0 
7ff058000000-7ff058021000 rw-p 00000000 00:00 0 
7ff058021000-7ff05c000000 ---p 00000000 00:00 0 
7ff05c00b000-7ff05c0ba000 r--s 00a9c000 08:06 6035044                    /home/rishabh/workspace/e0210-project/lib/soot-nightly-05082016.jar
7ff05c0ba000-7ff05c0d5000 r--s 00394000 08:06 1063316                    /usr/lib/jvm/java-8-openjdk-amd64/jre/lib/ext/cldrdata.jar
7ff05c0d5000-7ff061000000 rw-p 00000000 00:00 0 
7ff061000000-7ff0615c0000 rwxp 00000000 00:00 0 
7ff0615c0000-7ff070000000 ---p 00000000 00:00 0 
7ff070000000-7ff07092e000 rw-p 00000000 00:00 0 
7ff07092e000-7ff074000000 ---p 00000000 00:00 0 
7ff074000000-7ff074002000 r--s 0000b000 08:06 6034841                    /home/rishabh/workspace/e0210-project/Testcases/project-4/project-4.jar
7ff074002000-7ff074007000 r--s 002f9000 08:06 414158                     /usr/lib/jvm/java-8-openjdk-amd64/jre/lib/charsets.jar
7ff074007000-7ff07400a000 r--s 00015000 08:06 414157                     /usr/lib/jvm/java-8-openjdk-amd64/jre/lib/jce.jar
7ff07400a000-7ff07400e000 r--s 00097000 08:06 414168                     /usr/lib/jvm/java-8-openjdk-amd64/jre/lib/jsse.jar
7ff07400e000-7ff074011000 r--s 00024000 08:06 6035228                    /home/rishabh/workspace/e0210-project/lib/z3/bin/com.microsoft.z3.jar
7ff074011000-7ff074019000 r--s 00059000 08:06 6035042                    /home/rishabh/workspace/e0210-project/lib/jgrapht-core-0.9.2.jar
7ff074019000-7ff074034000 r--s 001d5000 08:06 1063312                    /usr/lib/jvm/java-8-openjdk-amd64/jre/lib/ext/nashorn.jar
7ff074034000-7ff074105000 rw-p 00000000 00:00 0 
7ff074105000-7ff0742d3000 r--s 03bf1000 08:06 414173                     /usr/lib/jvm/java-8-openjdk-amd64/jre/lib/rt.jar
7ff0742d3000-7ff074349000 rw-p 00000000 00:00 0 
7ff074349000-7ff07434a000 ---p 00000000 00:00 0 
7ff07434a000-7ff07444a000 rw-p 00000000 00:00 0 
7ff07444a000-7ff07444b000 ---p 00000000 00:00 0 
7ff07444b000-7ff07454b000 rw-p 00000000 00:00 0 
7ff07454b000-7ff07454c000 ---p 00000000 00:00 0 
7ff07454c000-7ff07464c000 rw-p 00000000 00:00 0 
7ff07464c000-7ff07464d000 ---p 00000000 00:00 0 
7ff07464d000-7ff074777000 rw-p 00000000 00:00 0 
7ff074777000-7ff0749db000 ---p 00000000 00:00 0 
7ff0749db000-7ff074a05000 rw-p 00000000 00:00 0 
7ff074a05000-7ff074c69000 ---p 00000000 00:00 0 
7ff074c69000-7ff074cac000 rw-p 00000000 00:00 0 
7ff074cac000-7ff074db0000 ---p 00000000 00:00 0 
7ff074db0000-7ff074dc8000 rw-p 00000000 00:00 0 
7ff074dc8000-7ff075171000 ---p 00000000 00:00 0 
7ff075171000-7ff075179000 r-xp 00000000 08:06 1063289                    /usr/lib/jvm/java-8-openjdk-amd64/jre/lib/amd64/libzip.so
7ff075179000-7ff075378000 ---p 00008000 08:06 1063289                    /usr/lib/jvm/java-8-openjdk-amd64/jre/lib/amd64/libzip.so
7ff075378000-7ff075379000 r--p 00007000 08:06 1063289                    /usr/lib/jvm/java-8-openjdk-amd64/jre/lib/amd64/libzip.so
7ff075379000-7ff07537a000 rw-p 00008000 08:06 1063289                    /usr/lib/jvm/java-8-openjdk-amd64/jre/lib/amd64/libzip.so
7ff07537a000-7ff075384000 r-xp 00000000 08:06 5242983                    /lib/x86_64-linux-gnu/libnss_files-2.19.so
7ff075384000-7ff075583000 ---p 0000a000 08:06 5242983                    /lib/x86_64-linux-gnu/libnss_files-2.19.so
7ff075583000-7ff075584000 r--p 00009000 08:06 5242983                    /lib/x86_64-linux-gnu/libnss_files-2.19.so
7ff075584000-7ff075585000 rw-p 0000a000 08:06 5242983                    /lib/x86_64-linux-gnu/libnss_files-2.19.so
7ff075585000-7ff075590000 r-xp 00000000 08:06 5242975                    /lib/x86_64-linux-gnu/libnss_nis-2.19.so
7ff075590000-7ff07578f000 ---p 0000b000 08:06 5242975                    /lib/x86_64-linux-gnu/libnss_nis-2.19.so
7ff07578f000-7ff075790000 r--p 0000a000 08:06 5242975                    /lib/x86_64-linux-gnu/libnss_nis-2.19.so
7ff075790000-7ff075791000 rw-p 0000b000 08:06 5242975                    /lib/x86_64-linux-gnu/libnss_nis-2.19.so
7ff075791000-7ff0757a8000 r-xp 00000000 08:06 5242971                    /lib/x86_64-linux-gnu/libnsl-2.19.so
7ff0757a8000-7ff0759a7000 ---p 00017000 08:06 5242971                    /lib/x86_64-linux-gnu/libnsl-2.19.so
7ff0759a7000-7ff0759a8000 r--p 00016000 08:06 5242971                    /lib/x86_64-linux-gnu/libnsl-2.19.so
7ff0759a8000-7ff0759a9000 rw-p 00017000 08:06 5242971                    /lib/x86_64-linux-gnu/libnsl-2.19.so
7ff0759a9000-7ff0759ab000 rw-p 00000000 00:00 0 
7ff0759ab000-7ff0759b4000 r-xp 00000000 08:06 5242970                    /lib/x86_64-linux-gnu/libnss_compat-2.19.so
7ff0759b4000-7ff075bb3000 ---p 00009000 08:06 5242970                    /lib/x86_64-linux-gnu/libnss_compat-2.19.so
7ff075bb3000-7ff075bb4000 r--p 00008000 08:06 5242970                    /lib/x86_64-linux-gnu/libnss_compat-2.19.so
7ff075bb4000-7ff075bb5000 rw-p 00009000 08:06 5242970                    /lib/x86_64-linux-gnu/libnss_compat-2.19.so
7ff075bb5000-7ff075be2000 r-xp 00000000 08:06 1063298                    /usr/lib/jvm/java-8-openjdk-amd64/jre/lib/amd64/libjava.so
7ff075be2000-7ff075de1000 ---p 0002d000 08:06 1063298                    /usr/lib/jvm/java-8-openjdk-amd64/jre/lib/amd64/libjava.so
7ff075de1000-7ff075de2000 r--p 0002c000 08:06 1063298                    /usr/lib/jvm/java-8-openjdk-amd64/jre/lib/amd64/libjava.so
7ff075de2000-7ff075de4000 rw-p 0002d000 08:06 1063298                    /usr/lib/jvm/java-8-openjdk-amd64/jre/lib/amd64/libjava.so
7ff075de4000-7ff075df4000 r-xp 00000000 08:06 1063282                    /usr/lib/jvm/java-8-openjdk-amd64/jre/lib/amd64/libverify.so
7ff075df4000-7ff075ff3000 ---p 00010000 08:06 1063282                    /usr/lib/jvm/java-8-openjdk-amd64/jre/lib/amd64/libverify.so
7ff075ff3000-7ff075ff5000 r--p 0000f000 08:06 1063282                    /usr/lib/jvm/java-8-openjdk-amd64/jre/lib/amd64/libverify.so
7ff075ff5000-7ff075ff6000 rw-p 00011000 08:06 1063282                    /usr/lib/jvm/java-8-openjdk-amd64/jre/lib/amd64/libverify.so
7ff075ff6000-7ff075ffd000 r-xp 00000000 08:06 5242979                    /lib/x86_64-linux-gnu/librt-2.19.so
7ff075ffd000-7ff0761fc000 ---p 00007000 08:06 5242979                    /lib/x86_64-linux-gnu/librt-2.19.so
7ff0761fc000-7ff0761fd000 r--p 00006000 08:06 5242979                    /lib/x86_64-linux-gnu/librt-2.19.so
7ff0761fd000-7ff0761fe000 rw-p 00007000 08:06 5242979                    /lib/x86_64-linux-gnu/librt-2.19.so
7ff0761fe000-7ff076214000 r-xp 00000000 08:06 5247255                    /lib/x86_64-linux-gnu/libgcc_s.so.1
7ff076214000-7ff076413000 ---p 00016000 08:06 5247255                    /lib/x86_64-linux-gnu/libgcc_s.so.1
7ff076413000-7ff076414000 rw-p 00015000 08:06 5247255                    /lib/x86_64-linux-gnu/libgcc_s.so.1
7ff076414000-7ff076519000 r-xp 00000000 08:06 5242899                    /lib/x86_64-linux-gnu/libm-2.19.so
7ff076519000-7ff076718000 ---p 00105000 08:06 5242899                    /lib/x86_64-linux-gnu/libm-2.19.so
7ff076718000-7ff076719000 r--p 00104000 08:06 5242899                    /lib/x86_64-linux-gnu/libm-2.19.so
7ff076719000-7ff07671a000 rw-p 00105000 08:06 5242899                    /lib/x86_64-linux-gnu/libm-2.19.so
7ff07671a000-7ff076800000 r-xp 00000000 08:06 393239                     /usr/lib/x86_64-linux-gnu/libstdc++.so.6.0.19
7ff076800000-7ff0769ff000 ---p 000e6000 08:06 393239                     /usr/lib/x86_64-linux-gnu/libstdc++.so.6.0.19
7ff0769ff000-7ff076a07000 r--p 000e5000 08:06 393239                     /usr/lib/x86_64-linux-gnu/libstdc++.so.6.0.19
7ff076a07000-7ff076a09000 rw-p 000ed000 08:06 393239                     /usr/lib/x86_64-linux-gnu/libstdc++.so.6.0.19
7ff076a09000-7ff076a1e000 rw-p 00000000 00:00 0 
7ff076a1e000-7ff077616000 r-xp 00000000 08:06 1196429                    /usr/lib/jvm/java-8-openjdk-amd64/jre/lib/amd64/server/libjvm.so
7ff077616000-7ff077816000 ---p 00bf8000 08:06 1196429                    /usr/lib/jvm/java-8-openjdk-amd64/jre/lib/amd64/server/libjvm.so
7ff077816000-7ff0778b4000 r--p 00bf8000 08:06 1196429                    /usr/lib/jvm/java-8-openjdk-amd64/jre/lib/amd64/server/libjvm.so
7ff0778b4000-7ff0778dd000 rw-p 00c96000 08:06 1196429                    /usr/lib/jvm/java-8-openjdk-amd64/jre/lib/amd64/server/libjvm.so
7ff0778dd000-7ff07790f000 rw-p 00000000 00:00 0 
7ff07790f000-7ff077928000 r-xp 00000000 08:06 5242972                    /lib/x86_64-linux-gnu/libpthread-2.19.so
7ff077928000-7ff077b27000 ---p 00019000 08:06 5242972                    /lib/x86_64-linux-gnu/libpthread-2.19.so
7ff077b27000-7ff077b28000 r--p 00018000 08:06 5242972                    /lib/x86_64-linux-gnu/libpthread-2.19.so
7ff077b28000-7ff077b29000 rw-p 00019000 08:06 5242972                    /lib/x86_64-linux-gnu/libpthread-2.19.so
7ff077b29000-7ff077b2d000 rw-p 00000000 00:00 0 
7ff077b2d000-7ff077b30000 r-xp 00000000 08:06 5242909                    /lib/x86_64-linux-gnu/libdl-2.19.so
7ff077b30000-7ff077d2f000 ---p 00003000 08:06 5242909                    /lib/x86_64-linux-gnu/libdl-2.19.so
7ff077d2f000-7ff077d30000 r--p 00002000 08:06 5242909                    /lib/x86_64-linux-gnu/libdl-2.19.so
7ff077d30000-7ff077d31000 rw-p 00003000 08:06 5242909                    /lib/x86_64-linux-gnu/libdl-2.19.so
7ff077d31000-7ff077d49000 r-xp 00000000 08:06 5247391                    /lib/x86_64-linux-gnu/libz.so.1.2.8
7ff077d49000-7ff077f48000 ---p 00018000 08:06 5247391                    /lib/x86_64-linux-gnu/libz.so.1.2.8
7ff077f48000-7ff077f49000 r--p 00017000 08:06 5247391                    /lib/x86_64-linux-gnu/libz.so.1.2.8
7ff077f49000-7ff077f4a000 rw-p 00018000 08:06 5247391                    /lib/x86_64-linux-gnu/libz.so.1.2.8
7ff077f4a000-7ff078104000 r-xp 00000000 08:06 5242980                    /lib/x86_64-linux-gnu/libc-2.19.so
7ff078104000-7ff078304000 ---p 001ba000 08:06 5242980                    /lib/x86_64-linux-gnu/libc-2.19.so
7ff078304000-7ff078308000 r--p 001ba000 08:06 5242980                    /lib/x86_64-linux-gnu/libc-2.19.so
7ff078308000-7ff07830a000 rw-p 001be000 08:06 5242980                    /lib/x86_64-linux-gnu/libc-2.19.so
7ff07830a000-7ff07830f000 rw-p 00000000 00:00 0 
7ff07830f000-7ff07831c000 r-xp 00000000 08:06 1063294                    /usr/lib/jvm/java-8-openjdk-amd64/jre/lib/amd64/jli/libjli.so
7ff07831c000-7ff07851c000 ---p 0000d000 08:06 1063294                    /usr/lib/jvm/java-8-openjdk-amd64/jre/lib/amd64/jli/libjli.so
7ff07851c000-7ff07851d000 r--p 0000d000 08:06 1063294                    /usr/lib/jvm/java-8-openjdk-amd64/jre/lib/amd64/jli/libjli.so
7ff07851d000-7ff07851e000 rw-p 0000e000 08:06 1063294                    /usr/lib/jvm/java-8-openjdk-amd64/jre/lib/amd64/jli/libjli.so
7ff07851e000-7ff078541000 r-xp 00000000 08:06 5242973                    /lib/x86_64-linux-gnu/ld-2.19.so
7ff078541000-7ff078543000 r--s 0000b000 08:06 6034841                    /home/rishabh/workspace/e0210-project/Testcases/project-4/project-4.jar
7ff078543000-7ff078545000 r--s 00009000 08:06 6035043                    /home/rishabh/workspace/e0210-project/lib/jgrapht-ext-0.9.2.jar
7ff078545000-7ff078547000 r--s 00001000 08:06 1063311                    /usr/lib/jvm/java-8-openjdk-amd64/jre/lib/ext/dnsns.jar
7ff078547000-7ff07854a000 r--s 0000f000 08:06 1063315                    /usr/lib/jvm/java-8-openjdk-amd64/jre/lib/ext/icedtea-sound.jar
7ff07854a000-7ff07854c000 r--s 00008000 08:06 1063314                    /usr/lib/jvm/java-8-openjdk-amd64/jre/lib/ext/sunec.jar
7ff07854c000-7ff078551000 r--s 0003b000 08:06 1063318                    /usr/lib/jvm/java-8-openjdk-amd64/jre/lib/ext/sunjce_provider.jar
7ff078551000-7ff07861c000 rw-p 00000000 00:00 0 
7ff07861c000-7ff07861f000 ---p 00000000 00:00 0 
7ff07861f000-7ff078722000 rw-p 00000000 00:00 0 
7ff078722000-7ff07872c000 r--s 00116000 08:06 1063309                    /usr/lib/jvm/java-8-openjdk-amd64/jre/lib/ext/localedata.jar
7ff07872c000-7ff07872e000 r--s 00006000 08:06 791025                     /usr/share/java/java-atk-wrapper.jar
7ff07872e000-7ff078732000 r--s 00037000 08:06 1063310                    /usr/lib/jvm/java-8-openjdk-amd64/jre/lib/ext/sunpkcs11.jar
7ff078732000-7ff078733000 r--s 0000a000 08:06 1063313                    /usr/lib/jvm/java-8-openjdk-amd64/jre/lib/ext/jaccess.jar
7ff078733000-7ff078734000 r--s 00010000 08:06 1063317                    /usr/lib/jvm/java-8-openjdk-amd64/jre/lib/ext/zipfs.jar
7ff078734000-7ff07873c000 rw-s 00000000 08:06 3424768                    /tmp/hsperfdata_rishabh/25565
7ff07873c000-7ff07873d000 rw-p 00000000 00:00 0 
7ff07873d000-7ff07873e000 r--p 00000000 00:00 0 
7ff07873e000-7ff078740000 rw-p 00000000 00:00 0 
7ff078740000-7ff078741000 r--p 00022000 08:06 5242973                    /lib/x86_64-linux-gnu/ld-2.19.so
7ff078741000-7ff078742000 rw-p 00023000 08:06 5242973                    /lib/x86_64-linux-gnu/ld-2.19.so
7ff078742000-7ff078743000 rw-p 00000000 00:00 0 
7ffc71ee5000-7ffc71f06000 rw-p 00000000 00:00 0                          [stack]
7ffc71fcc000-7ffc71fce000 r--p 00000000 00:00 0                          [vvar]
7ffc71fce000-7ffc71fd0000 r-xp 00000000 00:00 0                          [vdso]
ffffffffff600000-ffffffffff601000 r-xp 00000000 00:00 0                  [vsyscall]

VM Arguments:
java_command: e0210.TraceMaker project-4 test6
java_class_path (initial): /home/rishabh/workspace/e0210-project/bin:/home/rishabh/workspace/e0210-project/lib/soot-nightly-05082016.jar:/home/rishabh/workspace/e0210-project/lib/jgrapht-core-0.9.2.jar:/home/rishabh/workspace/e0210-project/lib/jgrapht-ext-0.9.2.jar:/home/rishabh/workspace/e0210-project/lib/z3/bin/com.microsoft.z3.jar
Launcher Type: SUN_STANDARD

Environment Variables:
JAVA_HOME=/usr/lib/jvm/java-8-openjdk-amd64
PATH=/usr/local/sbin:/usr/local/bin:/usr/sbin:/usr/bin:/sbin:/bin:/usr/games:/usr/local/games
LD_LIBRARY_PATH=:/home/rishabh/workspace/e0210-project/lib/z3/bin
SHELL=/bin/bash
DISPLAY=:0

Signal Handlers:
SIGSEGV: [libjvm.so+0x9fddb0], sa_mask[0]=11111111011111111101111111111110, sa_flags=SA_RESTART|SA_SIGINFO
SIGBUS: [libjvm.so+0x9fddb0], sa_mask[0]=11111111011111111101111111111110, sa_flags=SA_RESTART|SA_SIGINFO
SIGFPE: [libjvm.so+0x85be50], sa_mask[0]=11111111011111111101111111111110, sa_flags=SA_RESTART|SA_SIGINFO
SIGPIPE: [libjvm.so+0x85be50], sa_mask[0]=11111111011111111101111111111110, sa_flags=SA_RESTART|SA_SIGINFO
SIGXFSZ: [libjvm.so+0x85be50], sa_mask[0]=11111111011111111101111111111110, sa_flags=SA_RESTART|SA_SIGINFO
SIGILL: [libjvm.so+0x85be50], sa_mask[0]=11111111011111111101111111111110, sa_flags=SA_RESTART|SA_SIGINFO
SIGUSR1: SIG_DFL, sa_mask[0]=00000000000000000000000000000000, sa_flags=none
SIGUSR2: [libjvm.so+0x85bd20], sa_mask[0]=00100000000000000000000000000000, sa_flags=SA_RESTART|SA_SIGINFO
SIGHUP: [libjvm.so+0x85bf10], sa_mask[0]=11111111011111111101111111111110, sa_flags=SA_RESTART|SA_SIGINFO
SIGINT: [libjvm.so+0x85bf10], sa_mask[0]=11111111011111111101111111111110, sa_flags=SA_RESTART|SA_SIGINFO
SIGTERM: [libjvm.so+0x85bf10], sa_mask[0]=11111111011111111101111111111110, sa_flags=SA_RESTART|SA_SIGINFO
SIGQUIT: [libjvm.so+0x85bf10], sa_mask[0]=11111111011111111101111111111110, sa_flags=SA_RESTART|SA_SIGINFO


---------------  S Y S T E M  ---------------

OS:DISTRIB_ID=Ubuntu
DISTRIB_RELEASE=14.04
DISTRIB_CODENAME=trusty
DISTRIB_DESCRIPTION="Ubuntu 14.04.5 LTS"

uname:Linux 4.4.0-47-generic #68~14.04.1-Ubuntu SMP Wed Oct 26 19:42:11 UTC 2016 x86_64
libc:glibc 2.19 NPTL 2.19 
rlimit: STACK infinity, CORE 0k, NPROC 30459, NOFILE 4096, AS infinity
load average:11.78 4.66 2.46

/proc/meminfo:
MemTotal:        8030632 kB
MemFree:         1712928 kB
MemAvailable:    3360428 kB
Buffers:          312448 kB
Cached:          1716764 kB
SwapCached:            0 kB
Active:          5106968 kB
Inactive:         825644 kB
Active(anon):    3904476 kB
Inactive(anon):   261028 kB
Active(file):    1202492 kB
Inactive(file):   564616 kB
Unevictable:         556 kB
Mlocked:             556 kB
SwapTotal:             0 kB
SwapFree:              0 kB
Dirty:              2272 kB
Writeback:             0 kB
AnonPages:       3905968 kB
Mapped:           559700 kB
Shmem:            262288 kB
Slab:             228312 kB
SReclaimable:     190516 kB
SUnreclaim:        37796 kB
KernelStack:       12944 kB
PageTables:        44408 kB
NFS_Unstable:          0 kB
Bounce:                0 kB
WritebackTmp:          0 kB
CommitLimit:     4015316 kB
Committed_AS:   10034816 kB
VmallocTotal:   34359738367 kB
VmallocUsed:           0 kB
VmallocChunk:          0 kB
HardwareCorrupted:     0 kB
AnonHugePages:   2775040 kB
CmaTotal:              0 kB
CmaFree:               0 kB
HugePages_Total:       0
HugePages_Free:        0
HugePages_Rsvd:        0
HugePages_Surp:        0
Hugepagesize:       2048 kB
DirectMap4k:      183544 kB
DirectMap2M:     7012352 kB
DirectMap1G:     2097152 kB


CPU:total 4 (2 cores per cpu, 2 threads per core) family 6 model 78 stepping 3, cmov, cx8, fxsr, mmx, sse, sse2, sse3, ssse3, sse4.1, sse4.2, popcnt, avx, avx2, aes, clmul, erms, 3dnowpref, lzcnt, ht, tsc, tscinvbit, bmi1, bmi2, adx

/proc/cpuinfo:
processor	: 0
vendor_id	: GenuineIntel
cpu family	: 6
model		: 78
model name	: Intel(R) Core(TM) i7-6500U CPU @ 2.50GHz
stepping	: 3
microcode	: 0x2f
cpu MHz		: 2856.953
cache size	: 4096 KB
physical id	: 0
siblings	: 4
core id		: 0
cpu cores	: 2
apicid		: 0
initial apicid	: 0
fpu		: yes
fpu_exception	: yes
cpuid level	: 22
wp		: yes
flags		: fpu vme de pse tsc msr pae mce cx8 apic sep mtrr pge mca cmov pat pse36 clflush dts acpi mmx fxsr sse sse2 ss ht tm pbe syscall nx pdpe1gb rdtscp lm constant_tsc art arch_perfmon pebs bts rep_good nopl xtopology nonstop_tsc aperfmperf eagerfpu pni pclmulqdq dtes64 monitor ds_cpl vmx est tm2 ssse3 sdbg fma cx16 xtpr pdcm pcid sse4_1 sse4_2 x2apic movbe popcnt tsc_deadline_timer aes xsave avx f16c rdrand lahf_lm abm 3dnowprefetch epb intel_pt tpr_shadow vnmi flexpriority ept vpid fsgsbase tsc_adjust bmi1 avx2 smep bmi2 erms invpcid mpx rdseed adx smap clflushopt xsaveopt xsavec xgetbv1 dtherm ida arat pln pts hwp hwp_notify hwp_act_window hwp_epp
bugs		:
bogomips	: 5183.83
clflush size	: 64
cache_alignment	: 64
address sizes	: 39 bits physical, 48 bits virtual
power management:

processor	: 1
vendor_id	: GenuineIntel
cpu family	: 6
model		: 78
model name	: Intel(R) Core(TM) i7-6500U CPU @ 2.50GHz
stepping	: 3
microcode	: 0x2f
cpu MHz		: 2887.726
cache size	: 4096 KB
physical id	: 0
siblings	: 4
core id		: 1
cpu cores	: 2
apicid		: 2
initial apicid	: 2
fpu		: yes
fpu_exception	: yes
cpuid level	: 22
wp		: yes
flags		: fpu vme de pse tsc msr pae mce cx8 apic sep mtrr pge mca cmov pat pse36 clflush dts acpi mmx fxsr sse sse2 ss ht tm pbe syscall nx pdpe1gb rdtscp lm constant_tsc art arch_perfmon pebs bts rep_good nopl xtopology nonstop_tsc aperfmperf eagerfpu pni pclmulqdq dtes64 monitor ds_cpl vmx est tm2 ssse3 sdbg fma cx16 xtpr pdcm pcid sse4_1 sse4_2 x2apic movbe popcnt tsc_deadline_timer aes xsave avx f16c rdrand lahf_lm abm 3dnowprefetch epb intel_pt tpr_shadow vnmi flexpriority ept vpid fsgsbase tsc_adjust bmi1 avx2 smep bmi2 erms invpcid mpx rdseed adx smap clflushopt xsaveopt xsavec xgetbv1 dtherm ida arat pln pts hwp hwp_notify hwp_act_window hwp_epp
bugs		:
bogomips	: 5183.83
clflush size	: 64
cache_alignment	: 64
address sizes	: 39 bits physical, 48 bits virtual
power management:

processor	: 2
vendor_id	: GenuineIntel
cpu family	: 6
model		: 78
model name	: Intel(R) Core(TM) i7-6500U CPU @ 2.50GHz
stepping	: 3
microcode	: 0x2f
cpu MHz		: 2867.820
cache size	: 4096 KB
physical id	: 0
siblings	: 4
core id		: 0
cpu cores	: 2
apicid		: 1
initial apicid	: 1
fpu		: yes
fpu_exception	: yes
cpuid level	: 22
wp		: yes
flags		: fpu vme de pse tsc msr pae mce cx8 apic sep mtrr pge mca cmov pat pse36 clflush dts acpi mmx fxsr sse sse2 ss ht tm pbe syscall nx pdpe1gb rdtscp lm constant_tsc art arch_perfmon pebs bts rep_good nopl xtopology nonstop_tsc aperfmperf eagerfpu pni pclmulqdq dtes64 monitor ds_cpl vmx est tm2 ssse3 sdbg fma cx16 xtpr pdcm pcid sse4_1 sse4_2 x2apic movbe popcnt tsc_deadline_timer aes xsave avx f16c rdrand lahf_lm abm 3dnowprefetch epb intel_pt tpr_shadow vnmi flexpriority ept vpid fsgsbase tsc_adjust bmi1 avx2 smep bmi2 erms invpcid mpx rdseed adx smap clflushopt xsaveopt xsavec xgetbv1 dtherm ida arat pln pts hwp hwp_notify hwp_act_window hwp_epp
bugs		:
bogomips	: 5183.83
clflush size	: 64
cache_alignment	: 64
address sizes	: 39 bits physical, 48 bits virtual
power management:

processor	: 3
vendor_id	: GenuineIntel
cpu family	: 6
model		: 78
model name	: Intel(R) Core(TM) i7-6500U CPU @ 2.50GHz
stepping	: 3
microcode	: 0x2f
cpu MHz		: 2914.640
cache size	: 4096 KB
physical id	: 0
siblings	: 4
core id		: 1
cpu cores	: 2
apicid		: 3
initial apicid	: 3
fpu		: yes
fpu_exception	: yes
cpuid level	: 22
wp		: yes
flags		: fpu vme de pse tsc msr pae mce cx8 apic sep mtrr pge mca cmov pat pse36 clflush dts acpi mmx fxsr sse sse2 ss ht tm pbe syscall nx pdpe1gb rdtscp lm constant_tsc art arch_perfmon pebs bts rep_good nopl xtopology nonstop_tsc aperfmperf eagerfpu pni pclmulqdq dtes64 monitor ds_cpl vmx est tm2 ssse3 sdbg fma cx16 xtpr pdcm pcid sse4_1 sse4_2 x2apic movbe popcnt tsc_deadline_timer aes xsave avx f16c rdrand lahf_lm abm 3dnowprefetch epb intel_pt tpr_shadow vnmi flexpriority ept vpid fsgsbase tsc_adjust bmi1 avx2 smep bmi2 erms invpcid mpx rdseed adx smap clflushopt xsaveopt xsavec xgetbv1 dtherm ida arat pln pts hwp hwp_notify hwp_act_window hwp_epp
bugs		:
bogomips	: 5183.83
clflush size	: 64
cache_alignment	: 64
address sizes	: 39 bits physical, 48 bits virtual
power management:



Memory: 4k page, physical 8030632k(1712928k free), swap 0k(0k free)

vm_info: OpenJDK 64-Bit Server VM (25.111-b14) for linux-amd64 JRE (1.8.0_111-8u111-b14-3~14.04.1-b14), built on Nov  5 2016 13:21:07 by "buildd" with gcc 4.8.4

time: Wed Nov 23 19:08:39 2016
elapsed time: 5 seconds (0d 0h 0m 5s)

